  Building Custom Rule D:/github/SagaOfSacrifice2/wrapper_client/SDL_mixer/CMakeLists.txt
  load_aiff.c
  load_voc.c
  load_sndfile.c
  mp3utils.c
  music_drflac.c
  music_drmp3.c
  music_flac.c
  music_fluidsynth.c
  music_gme.c
  music_mpg123.c
  music_nativemidi.c
  music_ogg.c
  music_ogg_stb.c
  music_opus.c
  music_timidity.c
  music_wav.c
  music_wavpack.c
  music_xmp.c
  effect_position.c
  effect_stereoreverse.c
  effects_internal.c
  mixer.c
  music.c
  utils.c
  common.c
  instrum.c
  mix.c
  output.c
  playmidi.c
  readmidi.c
  resample.c
  tables.c
  timidity.c
     Creating library D:/github/SagaOfSacrifice2/wrapper_client/build/SDL_mixer/Release/SDL3_mixer.lib and object D:/github/SagaOfSacrifice2/wrapper_client/build/SDL_mixer/Release/SDL3_mixer.exp
  SDL3_mixer-shared.vcxproj -> D:\github\SagaOfSacrifice2\wrapper_client\build\Release\SDL3_mixer.dll
