  Building Custom Rule D:/github/SagaOfSacrifice2/wrapper_client/SDL_image/CMakeLists.txt
  IMG.c
  IMG_WIC.c
  IMG_avif.c
  IMG_bmp.c
  IMG_gif.c
  IMG_jpg.c
  IMG_jxl.c
  IMG_lbm.c
  IMG_pcx.c
  IMG_png.c
  IMG_pnm.c
  IMG_qoi.c
  IMG_stb.c
  IMG_svg.c
  IMG_tga.c
  IMG_tif.c
  IMG_webp.c
  IMG_xcf.c
  IMG_xpm.c
  IMG_xv.c
     Creating library D:/github/SagaOfSacrifice2/wrapper_client/build/SDL_image/Release/SDL3_image.lib and object D:/github/SagaOfSacrifice2/wrapper_client/build/SDL_image/Release/SDL3_image.exp
  SDL3_image-shared.vcxproj -> D:\github\SagaOfSacrifice2\wrapper_client\build\Release\SDL3_image.dll
